<?xml version="1.0" encoding="UTF-8" standalone="no"?><testsuite errors="1" failures="0" name="Proceso de compra en Swag Labs" skipped="0" tests="1" time="0.07" timestamp="2024-02-23 12:33:04"><testcase name="Ingresar a comprar con usuario y contraseña"><error message="For input string: &quot;public&quot;" type="java.lang.NumberFormatException">For input string: "public"</error><system-err>For input string: "public"&#13;
io.github.bonigarcia.wdm.managers.ChromeDriverManager.buildUrl(ChromeDriverManager.java:178)&#13;
io.github.bonigarcia.wdm.managers.ChromeDriverManager.buildUrl(ChromeDriverManager.java:155)&#13;
io.github.bonigarcia.wdm.WebDriverManager.download(WebDriverManager.java:1282)&#13;
io.github.bonigarcia.wdm.WebDriverManager.manage(WebDriverManager.java:1199)&#13;
io.github.bonigarcia.wdm.WebDriverManager.fallback(WebDriverManager.java:1461)&#13;
io.github.bonigarcia.wdm.WebDriverManager.handleException(WebDriverManager.java:1442)&#13;
io.github.bonigarcia.wdm.WebDriverManager.manage(WebDriverManager.java:1205)&#13;
io.github.bonigarcia.wdm.WebDriverManager.handleException(WebDriverManager.java:1435)&#13;
io.github.bonigarcia.wdm.WebDriverManager.manage(WebDriverManager.java:1205)&#13;
io.github.bonigarcia.wdm.WebDriverManager.setup(WebDriverManager.java:427)&#13;
org.nttdata.glue.PurchaseSteps.setTheStage(PurchaseSteps.java:30)&#13;
io.cucumber.java.Invoker.doInvoke(Invoker.java:66)&#13;
io.cucumber.java.Invoker.invoke(Invoker.java:24)&#13;
io.cucumber.java.AbstractGlueDefinition.invokeMethod(AbstractGlueDefinition.java:47)&#13;
io.cucumber.java.JavaHookDefinition.execute(JavaHookDefinition.java:64)&#13;
io.cucumber.core.runner.CoreHookDefinition.execute(CoreHookDefinition.java:46)&#13;
io.cucumber.core.runner.HookDefinitionMatch.runStep(HookDefinitionMatch.java:21)&#13;
io.cucumber.core.runner.TestStep.executeStep(TestStep.java:84)&#13;
io.cucumber.core.runner.TestStep.run(TestStep.java:56)&#13;
io.cucumber.core.runner.TestCase.run(TestCase.java:78)&#13;
io.cucumber.core.runner.Runner.runPickle(Runner.java:75)&#13;
io.cucumber.core.runtime.CucumberExecutionContext.lambda$runTestCase$5(CucumberExecutionContext.java:130)&#13;
io.cucumber.core.runtime.RethrowingThrowableCollector.executeAndThrow(RethrowingThrowableCollector.java:23)&#13;
io.cucumber.core.runtime.CucumberExecutionContext.runTestCase(CucumberExecutionContext.java:130)&#13;
io.cucumber.junit.FeatureRunner.runChild(FeatureRunner.java:144)&#13;
io.cucumber.junit.FeatureRunner.runChild(FeatureRunner.java:28)&#13;
io.cucumber.junit.FeatureRunner.run(FeatureRunner.java:137)&#13;
io.cucumber.junit.CucumberSerenityBaseRunner.runChild(CucumberSerenityBaseRunner.java:330)&#13;
io.cucumber.junit.CucumberSerenityBaseRunner.runChild(CucumberSerenityBaseRunner.java:51)&#13;
worker.org.gradle.process.internal.worker.GradleWorkerMain.run(GradleWorkerMain.java:69)&#13;
worker.org.gradle.process.internal.worker.GradleWorkerMain.main(GradleWorkerMain.java:74)&#13;
</system-err></testcase></testsuite>